2025-04-01 12:42:40,907 INFO: Start GA optimization 
2025-04-01 21:16:06,391 INFO: GA optimization finished 
2025-04-01 21:16:06,437 INFO: ====================Start training===================== 
2025-04-01 21:16:25,474 INFO: Epoch 0, Val_Loss: 1.2084 
2025-04-01 21:16:46,096 INFO: Epoch 1, Val_Loss: 1.2244 
2025-04-01 21:17:09,387 INFO: Epoch 2, Val_Loss: 0.9534 
2025-04-01 21:17:31,278 INFO: Epoch 3, Val_Loss: 0.9874 
2025-04-01 21:17:50,790 INFO: Epoch 4, Val_Loss: 1.0516 
2025-04-01 21:18:10,894 INFO: Epoch 5, Val_Loss: 0.9682 
2025-04-01 21:18:27,971 INFO: Epoch 6, Val_Loss: 0.9670 
2025-04-01 21:18:44,587 INFO: Epoch 7, Val_Loss: 0.9549 
2025-04-01 21:19:01,492 INFO: Epoch 8, Val_Loss: 0.9698 
2025-04-01 21:19:18,161 INFO: Epoch 9, Val_Loss: 0.9633 
2025-04-01 21:19:34,937 INFO: Epoch 10, Val_Loss: 1.0581 
2025-04-01 21:19:53,160 INFO: Epoch 11, Val_Loss: 1.0649 
2025-04-01 21:20:13,606 INFO: Epoch 12, Val_Loss: 1.2241 
2025-04-01 21:20:32,598 INFO: Epoch 13, Val_Loss: 1.0846 
2025-04-01 21:20:49,692 INFO: Epoch 14, Val_Loss: 0.9487 
2025-04-01 21:21:10,723 INFO: Epoch 15, Val_Loss: 0.9324 
2025-04-01 21:21:29,501 INFO: Epoch 16, Val_Loss: 1.0314 
2025-04-01 21:21:46,180 INFO: Epoch 17, Val_Loss: 1.1214 
2025-04-01 21:22:02,991 INFO: Epoch 18, Val_Loss: 1.1673 
2025-04-01 21:22:19,596 INFO: Epoch 19, Val_Loss: 1.1195 
2025-04-01 21:22:36,416 INFO: Epoch 20, Val_Loss: 1.0581 
2025-04-01 21:22:54,627 INFO: Epoch 21, Val_Loss: 1.1421 
2025-04-01 21:23:14,642 INFO: Epoch 22, Val_Loss: 0.9929 
2025-04-01 21:23:34,308 INFO: Epoch 23, Val_Loss: 0.9689 
2025-04-01 21:23:53,583 INFO: Epoch 24, Val_Loss: 0.9473 
2025-04-01 21:24:10,342 INFO: Epoch 25, Val_Loss: 1.0973 
2025-04-01 21:24:26,983 INFO: Epoch 26, Val_Loss: 0.9097 
2025-04-01 21:24:43,580 INFO: Epoch 27, Val_Loss: 0.9070 
2025-04-01 21:25:00,374 INFO: Epoch 28, Val_Loss: 0.9366 
2025-04-01 21:25:17,012 INFO: Epoch 29, Val_Loss: 1.0785 
2025-04-01 21:25:36,995 INFO: Epoch 30, Val_Loss: 0.9239 
2025-04-01 21:25:56,733 INFO: Epoch 31, Val_Loss: 0.9301 
2025-04-01 21:26:16,826 INFO: Epoch 32, Val_Loss: 1.0034 
2025-04-01 21:26:35,619 INFO: Epoch 33, Val_Loss: 0.9009 
2025-04-01 21:26:52,911 INFO: Epoch 34, Val_Loss: 0.9117 
2025-04-01 21:27:10,788 INFO: Epoch 35, Val_Loss: 0.9086 
2025-04-01 21:27:27,394 INFO: Epoch 36, Val_Loss: 0.9060 
2025-04-01 21:27:43,886 INFO: Epoch 37, Val_Loss: 0.8764 
2025-04-01 21:28:00,592 INFO: Epoch 38, Val_Loss: 0.9569 
2025-04-01 21:28:17,251 INFO: Epoch 39, Val_Loss: 0.8985 
2025-04-01 21:28:37,381 INFO: Epoch 40, Val_Loss: 0.9508 
2025-04-01 21:28:57,183 INFO: Epoch 41, Val_Loss: 0.9921 
2025-04-01 21:29:16,749 INFO: Epoch 42, Val_Loss: 0.9132 
2025-04-01 21:29:36,445 INFO: Epoch 43, Val_Loss: 0.8882 
2025-04-01 21:29:53,451 INFO: Epoch 44, Val_Loss: 0.8838 
2025-04-01 21:30:10,170 INFO: Epoch 45, Val_Loss: 0.8909 
2025-04-01 21:30:26,845 INFO: Epoch 46, Val_Loss: 1.1011 
2025-04-01 21:30:43,411 INFO: Epoch 47, Val_Loss: 0.9688 
2025-04-01 21:31:01,510 INFO: Epoch 48, Val_Loss: 0.9046 
2025-04-01 21:31:18,076 INFO: Epoch 49, Val_Loss: 0.9289 
2025-04-01 21:31:34,716 INFO: Epoch 50, Val_Loss: 0.8776 
2025-04-01 21:31:51,363 INFO: Epoch 51, Val_Loss: 0.8959 
2025-04-01 21:32:08,056 INFO: Epoch 52, Val_Loss: 1.2491 
2025-04-01 21:32:24,713 INFO: Epoch 53, Val_Loss: 0.9798 
2025-04-01 21:32:45,158 INFO: Epoch 54, Val_Loss: 0.9310 
2025-04-01 21:33:04,899 INFO: Epoch 55, Val_Loss: 0.9070 
2025-04-01 21:33:23,735 INFO: Epoch 56, Val_Loss: 0.8898 
2025-04-01 21:33:40,448 INFO: Epoch 57, Val_Loss: 0.9129 
2025-04-01 21:33:57,127 INFO: Epoch 58, Val_Loss: 0.8822 
2025-04-01 21:34:13,781 INFO: Epoch 59, Val_Loss: 0.8894 
2025-04-01 21:34:30,574 INFO: Epoch 60, Val_Loss: 0.8969 
2025-04-01 21:34:47,154 INFO: Epoch 61, Val_Loss: 0.8897 
2025-04-01 21:35:05,645 INFO: Epoch 62, Val_Loss: 0.9440 
2025-04-01 21:35:25,469 INFO: Epoch 63, Val_Loss: 0.9022 
2025-04-01 21:35:45,076 INFO: Epoch 64, Val_Loss: 1.0441 
2025-04-01 21:36:04,744 INFO: Epoch 65, Val_Loss: 0.9228 
2025-04-01 21:36:24,262 INFO: Epoch 66, Val_Loss: 0.9405 
2025-04-01 21:36:43,752 INFO: Epoch 67, Val_Loss: 0.8887 
2025-04-01 21:37:02,060 INFO: Epoch 68, Val_Loss: 0.9036 
2025-04-01 21:37:20,115 INFO: Epoch 69, Val_Loss: 0.9288 
2025-04-01 21:37:36,711 INFO: Epoch 70, Val_Loss: 0.9783 
2025-04-01 21:37:53,274 INFO: Epoch 71, Val_Loss: 0.8748 
2025-04-01 21:38:09,949 INFO: Epoch 72, Val_Loss: 0.8787 
2025-04-01 21:38:26,587 INFO: Epoch 73, Val_Loss: 0.9081 
2025-04-01 21:38:45,119 INFO: Epoch 74, Val_Loss: 0.8715 
2025-04-01 21:39:02,607 INFO: Epoch 75, Val_Loss: 0.9673 
2025-04-01 21:39:20,540 INFO: Epoch 76, Val_Loss: 0.8671 
2025-04-01 21:39:37,199 INFO: Epoch 77, Val_Loss: 0.9392 
2025-04-01 21:39:53,774 INFO: Epoch 78, Val_Loss: 0.9475 
2025-04-01 21:40:10,484 INFO: Epoch 79, Val_Loss: 0.8891 
2025-04-01 21:40:27,244 INFO: Epoch 80, Val_Loss: 0.9288 
2025-04-01 21:40:45,545 INFO: Epoch 81, Val_Loss: 1.0193 
2025-04-01 21:41:02,226 INFO: Epoch 82, Val_Loss: 0.8967 
2025-04-01 21:41:19,033 INFO: Epoch 83, Val_Loss: 0.8789 
2025-04-01 21:41:35,683 INFO: Epoch 84, Val_Loss: 0.9767 
2025-04-01 21:41:52,209 INFO: Epoch 85, Val_Loss: 0.8814 
2025-04-01 21:42:10,711 INFO: Epoch 86, Val_Loss: 0.8816 
2025-04-01 21:42:27,307 INFO: Epoch 87, Val_Loss: 1.0009 
2025-04-01 21:42:43,840 INFO: Epoch 88, Val_Loss: 1.0168 
2025-04-01 21:43:00,567 INFO: Epoch 89, Val_Loss: 0.8803 
2025-04-01 21:43:17,083 INFO: Epoch 90, Val_Loss: 0.9054 
2025-04-01 21:43:33,688 INFO: Epoch 91, Val_Loss: 0.9074 
2025-04-01 21:43:51,270 INFO: Epoch 92, Val_Loss: 0.8706 
2025-04-01 21:44:08,607 INFO: Epoch 93, Val_Loss: 0.9025 
2025-04-01 21:44:28,837 INFO: Epoch 94, Val_Loss: 1.1073 
2025-04-01 21:44:48,273 INFO: Epoch 95, Val_Loss: 0.9171 
2025-04-01 21:45:07,721 INFO: Epoch 96, Val_Loss: 0.9759 
2025-04-01 21:45:24,258 INFO: Epoch 97, Val_Loss: 0.9048 
2025-04-01 21:45:41,168 INFO: Epoch 98, Val_Loss: 0.8903 
2025-04-01 21:45:57,694 INFO: Epoch 99, Val_Loss: 0.8929 
2025-04-01 21:45:57,694 INFO: ====================End training===================== 
